2021-06-23 21:32:31.992  INFO 10146 --- [main] com.squirrel.pack.PackApplicationTests   : Starting PackApplicationTests on Fantasy.local with PID 10146 (started by zhiyuanma in /Users/zhiyuanma/Code/Spring-learning/Pack)
2021-06-23 21:32:31.994  INFO 10146 --- [main] com.squirrel.pack.PackApplicationTests   : No active profile set, falling back to default profiles: default
2021-06-23 21:32:33.580  INFO 10146 --- [main] o.s.s.concurrent.ThreadPoolTaskExecutor  : Initializing ExecutorService 'applicationTaskExecutor'
2021-06-23 21:32:33.896  INFO 10146 --- [main] com.squirrel.pack.PackApplicationTests   : Started PackApplicationTests in 2.441 seconds (JVM running for 4.017)
2021-06-23 21:32:34.626  INFO 10146 --- [SpringContextShutdownHook] o.s.s.concurrent.ThreadPoolTaskExecutor  : Shutting down ExecutorService 'applicationTaskExecutor'
2021-06-23 21:33:47.016  INFO 10179 --- [main] com.squirrel.pack.PackApplication        : Starting PackApplication v0.0.1-SNAPSHOT on Fantasy.local with PID 10179 (/Users/zhiyuanma/Code/Spring-learning/Pack/target/Pack-0.0.1-SNAPSHOT.jar started by zhiyuanma in /Users/zhiyuanma/Code/Spring-learning/Pack)
2021-06-23 21:33:47.020  INFO 10179 --- [main] com.squirrel.pack.PackApplication        : No active profile set, falling back to default profiles: default
2021-06-23 21:33:48.379  INFO 10179 --- [main] o.s.b.w.embedded.tomcat.TomcatWebServer  : Tomcat initialized with port(s): 8080 (http)
2021-06-23 21:33:48.400  INFO 10179 --- [main] o.apache.catalina.core.StandardService   : Starting service [Tomcat]
2021-06-23 21:33:48.401  INFO 10179 --- [main] org.apache.catalina.core.StandardEngine  : Starting Servlet engine: [Apache Tomcat/9.0.46]
2021-06-23 21:33:48.559  INFO 10179 --- [main] o.a.c.c.C.[Tomcat].[localhost].[/]       : Initializing Spring embedded WebApplicationContext
2021-06-23 21:33:48.560  INFO 10179 --- [main] w.s.c.ServletWebServerApplicationContext : Root WebApplicationContext: initialization completed in 1436 ms
2021-06-23 21:33:49.040  INFO 10179 --- [main] o.s.s.concurrent.ThreadPoolTaskExecutor  : Initializing ExecutorService 'applicationTaskExecutor'
2021-06-23 21:33:49.449  INFO 10179 --- [main] o.s.b.w.embedded.tomcat.TomcatWebServer  : Tomcat started on port(s): 8080 (http) with context path ''
2021-06-23 21:33:49.477  INFO 10179 --- [main] com.squirrel.pack.PackApplication        : Started PackApplication in 3.093 seconds (JVM running for 4.023)
2021-06-23 21:33:59.367  INFO 10179 --- [SpringContextShutdownHook] o.s.s.concurrent.ThreadPoolTaskExecutor  : Shutting down ExecutorService 'applicationTaskExecutor'
2021-06-23 21:38:16.846  INFO 10224 --- [main] com.squirrel.pack.PackApplicationTests   : Starting PackApplicationTests on Fantasy.local with PID 10224 (started by zhiyuanma in /Users/zhiyuanma/Code/Spring-learning/Pack)
2021-06-23 21:38:16.848  INFO 10224 --- [main] com.squirrel.pack.PackApplicationTests   : No active profile set, falling back to default profiles: default
2021-06-23 21:38:18.278  INFO 10224 --- [main] o.s.s.concurrent.ThreadPoolTaskExecutor  : Initializing ExecutorService 'applicationTaskExecutor'
2021-06-23 21:38:18.592  INFO 10224 --- [main] com.squirrel.pack.PackApplicationTests   : Started PackApplicationTests in 2.27 seconds (JVM running for 3.417)
2021-06-23 21:38:19.052  INFO 10224 --- [SpringContextShutdownHook] o.s.s.concurrent.ThreadPoolTaskExecutor  : Shutting down ExecutorService 'applicationTaskExecutor'
