[2021-05-16 04:33:01] INFO  org.springframework.boot.StartupInfoLogger 55 logStarting - Starting DruidMultiJpaApplication using Java 11.0.10 on Fantasy.local with PID 11330 (/Users/zhiyuanma/Code/Spring-learning/DruidMultiJPA/target/classes started by zhiyuanma in /Users/zhiyuanma/Code/Spring-learning/DruidMultiJPA)
[2021-05-16 04:33:01] INFO  org.springframework.boot.SpringApplication 675 logStartupProfileInfo - No active profile set, falling back to default profiles: default
[2021-05-16 04:33:02] INFO  org.springframework.data.repository.config.RepositoryConfigurationDelegate 128 registerRepositoriesIn - Bootstrapping Spring Data JPA repositories in DEFAULT mode.
[2021-05-16 04:33:02] INFO  org.springframework.data.repository.config.RepositoryConfigurationDelegate 188 registerRepositoriesIn - Finished Spring Data repository scanning in 28 ms. Found 1 JPA repository interfaces.
[2021-05-16 04:33:02] INFO  org.springframework.data.repository.config.RepositoryConfigurationDelegate 128 registerRepositoriesIn - Bootstrapping Spring Data JPA repositories in DEFAULT mode.
[2021-05-16 04:33:02] INFO  org.springframework.data.repository.config.RepositoryConfigurationDelegate 188 registerRepositoriesIn - Finished Spring Data repository scanning in 4 ms. Found 1 JPA repository interfaces.
[2021-05-16 04:33:03] INFO  org.springframework.boot.web.embedded.tomcat.TomcatWebServer 108 initialize - Tomcat initialized with port(s): 8080 (http)
[2021-05-16 04:33:03] INFO  org.apache.juli.logging.DirectJDKLog 173 log - Starting service [Tomcat]
[2021-05-16 04:33:03] INFO  org.apache.juli.logging.DirectJDKLog 173 log - Starting Servlet engine: [Apache Tomcat/9.0.45]
[2021-05-16 04:33:03] INFO  org.apache.juli.logging.DirectJDKLog 173 log - Initializing Spring embedded WebApplicationContext
[2021-05-16 04:33:03] INFO  org.springframework.boot.web.servlet.context.ServletWebServerApplicationContext 289 prepareWebApplicationContext - Root WebApplicationContext: initialization completed in 1398 ms
[2021-05-16 04:33:03] INFO  org.apache.juli.logging.DirectJDKLog 173 log - Stopping service [Tomcat]
[2021-05-16 04:40:27] INFO  org.springframework.boot.StartupInfoLogger 55 logStarting - Starting DruidMultiJpaApplication using Java 11.0.10 on Fantasy.local with PID 11471 (/Users/zhiyuanma/Code/Spring-learning/DruidMultiJPA/target/classes started by zhiyuanma in /Users/zhiyuanma/Code/Spring-learning/DruidMultiJPA)
[2021-05-16 04:40:27] INFO  org.springframework.boot.SpringApplication 675 logStartupProfileInfo - No active profile set, falling back to default profiles: default
[2021-05-16 04:40:28] INFO  org.springframework.data.repository.config.RepositoryConfigurationDelegate 128 registerRepositoriesIn - Bootstrapping Spring Data JPA repositories in DEFAULT mode.
[2021-05-16 04:40:28] INFO  org.springframework.data.repository.config.RepositoryConfigurationDelegate 188 registerRepositoriesIn - Finished Spring Data repository scanning in 58 ms. Found 1 JPA repository interfaces.
[2021-05-16 04:40:28] INFO  org.springframework.data.repository.config.RepositoryConfigurationDelegate 128 registerRepositoriesIn - Bootstrapping Spring Data JPA repositories in DEFAULT mode.
[2021-05-16 04:40:28] INFO  org.springframework.data.repository.config.RepositoryConfigurationDelegate 188 registerRepositoriesIn - Finished Spring Data repository scanning in 8 ms. Found 1 JPA repository interfaces.
[2021-05-16 04:40:29] INFO  org.springframework.boot.web.embedded.tomcat.TomcatWebServer 108 initialize - Tomcat initialized with port(s): 8080 (http)
[2021-05-16 04:40:29] INFO  org.apache.juli.logging.DirectJDKLog 173 log - Starting service [Tomcat]
[2021-05-16 04:40:29] INFO  org.apache.juli.logging.DirectJDKLog 173 log - Starting Servlet engine: [Apache Tomcat/9.0.45]
[2021-05-16 04:40:29] INFO  org.apache.juli.logging.DirectJDKLog 173 log - Initializing Spring embedded WebApplicationContext
[2021-05-16 04:40:29] INFO  org.springframework.boot.web.servlet.context.ServletWebServerApplicationContext 289 prepareWebApplicationContext - Root WebApplicationContext: initialization completed in 1764 ms
[2021-05-16 04:40:29] INFO  org.apache.juli.logging.DirectJDKLog 173 log - Stopping service [Tomcat]
[2021-05-16 04:43:13] INFO  org.springframework.boot.StartupInfoLogger 55 logStarting - Starting DruidMultiJpaApplication using Java 11.0.10 on Fantasy.local with PID 11555 (/Users/zhiyuanma/Code/Spring-learning/DruidMultiJPA/target/classes started by zhiyuanma in /Users/zhiyuanma/Code/Spring-learning/DruidMultiJPA)
[2021-05-16 04:43:13] INFO  org.springframework.boot.SpringApplication 675 logStartupProfileInfo - No active profile set, falling back to default profiles: default
[2021-05-16 04:43:13] INFO  org.springframework.data.repository.config.RepositoryConfigurationDelegate 128 registerRepositoriesIn - Bootstrapping Spring Data JPA repositories in DEFAULT mode.
[2021-05-16 04:43:13] INFO  org.springframework.data.repository.config.RepositoryConfigurationDelegate 188 registerRepositoriesIn - Finished Spring Data repository scanning in 39 ms. Found 1 JPA repository interfaces.
[2021-05-16 04:43:13] INFO  org.springframework.data.repository.config.RepositoryConfigurationDelegate 128 registerRepositoriesIn - Bootstrapping Spring Data JPA repositories in DEFAULT mode.
[2021-05-16 04:43:13] INFO  org.springframework.data.repository.config.RepositoryConfigurationDelegate 188 registerRepositoriesIn - Finished Spring Data repository scanning in 4 ms. Found 1 JPA repository interfaces.
[2021-05-16 04:43:14] INFO  org.springframework.boot.web.embedded.tomcat.TomcatWebServer 108 initialize - Tomcat initialized with port(s): 8080 (http)
[2021-05-16 04:43:14] INFO  org.apache.juli.logging.DirectJDKLog 173 log - Starting service [Tomcat]
[2021-05-16 04:43:14] INFO  org.apache.juli.logging.DirectJDKLog 173 log - Starting Servlet engine: [Apache Tomcat/9.0.45]
[2021-05-16 04:43:14] INFO  org.apache.juli.logging.DirectJDKLog 173 log - Initializing Spring embedded WebApplicationContext
[2021-05-16 04:43:14] INFO  org.springframework.boot.web.servlet.context.ServletWebServerApplicationContext 289 prepareWebApplicationContext - Root WebApplicationContext: initialization completed in 1370 ms
[2021-05-16 04:43:14] INFO  org.apache.juli.logging.DirectJDKLog 173 log - Stopping service [Tomcat]
[2021-05-16 04:44:42] INFO  org.springframework.boot.StartupInfoLogger 55 logStarting - Starting DruidMultiJpaApplication using Java 11.0.10 on Fantasy.local with PID 11588 (/Users/zhiyuanma/Code/Spring-learning/DruidMultiJPA/target/classes started by zhiyuanma in /Users/zhiyuanma/Code/Spring-learning/DruidMultiJPA)
[2021-05-16 04:44:42] INFO  org.springframework.boot.SpringApplication 675 logStartupProfileInfo - No active profile set, falling back to default profiles: default
[2021-05-16 04:44:43] INFO  org.springframework.data.repository.config.RepositoryConfigurationDelegate 128 registerRepositoriesIn - Bootstrapping Spring Data JPA repositories in DEFAULT mode.
[2021-05-16 04:44:43] INFO  org.springframework.data.repository.config.RepositoryConfigurationDelegate 188 registerRepositoriesIn - Finished Spring Data repository scanning in 50 ms. Found 1 JPA repository interfaces.
[2021-05-16 04:44:43] INFO  org.springframework.data.repository.config.RepositoryConfigurationDelegate 128 registerRepositoriesIn - Bootstrapping Spring Data JPA repositories in DEFAULT mode.
[2021-05-16 04:44:43] INFO  org.springframework.data.repository.config.RepositoryConfigurationDelegate 188 registerRepositoriesIn - Finished Spring Data repository scanning in 7 ms. Found 1 JPA repository interfaces.
[2021-05-16 04:44:44] INFO  org.springframework.boot.web.embedded.tomcat.TomcatWebServer 108 initialize - Tomcat initialized with port(s): 8080 (http)
[2021-05-16 04:44:44] INFO  org.apache.juli.logging.DirectJDKLog 173 log - Starting service [Tomcat]
[2021-05-16 04:44:44] INFO  org.apache.juli.logging.DirectJDKLog 173 log - Starting Servlet engine: [Apache Tomcat/9.0.45]
[2021-05-16 04:44:44] INFO  org.apache.juli.logging.DirectJDKLog 173 log - Initializing Spring embedded WebApplicationContext
[2021-05-16 04:44:44] INFO  org.springframework.boot.web.servlet.context.ServletWebServerApplicationContext 289 prepareWebApplicationContext - Root WebApplicationContext: initialization completed in 1722 ms
[2021-05-16 04:44:44] INFO  org.hibernate.Version 44 logVersion - HHH000412: Hibernate ORM core version 5.4.30.Final
[2021-05-16 04:44:45] INFO  org.hibernate.annotations.common.reflection.java.JavaReflectionManager 56 <clinit> - HCANN000001: Hibernate Commons Annotations {5.1.2.Final}
[2021-05-16 04:44:45] INFO  com.alibaba.druid.pool.DruidDataSource 990 init - {dataSource-1} inited
[2021-05-16 04:44:45] INFO  org.hibernate.dialect.Dialect 175 <init> - HHH000400: Using dialect: org.hibernate.dialect.MySQL8Dialect
[2021-05-16 04:44:46] INFO  org.hibernate.engine.transaction.jta.platform.internal.JtaPlatformInitiator 52 initiateService - HHH000490: Using JtaPlatform implementation: [org.hibernate.engine.transaction.jta.platform.internal.NoJtaPlatform]
[2021-05-16 04:44:46] INFO  org.springframework.orm.jpa.AbstractEntityManagerFactoryBean 437 buildNativeEntityManagerFactory - Initialized JPA EntityManagerFactory for persistence unit 'primaryPersistenceUnit'
[2021-05-16 04:44:46] INFO  com.alibaba.druid.pool.DruidDataSource 990 init - {dataSource-2} inited
[2021-05-16 04:44:46] INFO  org.hibernate.dialect.Dialect 175 <init> - HHH000400: Using dialect: org.hibernate.dialect.MySQL8Dialect
[2021-05-16 04:44:46] INFO  org.hibernate.engine.transaction.jta.platform.internal.JtaPlatformInitiator 52 initiateService - HHH000490: Using JtaPlatform implementation: [org.hibernate.engine.transaction.jta.platform.internal.NoJtaPlatform]
[2021-05-16 04:44:46] INFO  org.springframework.orm.jpa.AbstractEntityManagerFactoryBean 437 buildNativeEntityManagerFactory - Initialized JPA EntityManagerFactory for persistence unit 'secondaryPersistenceUnit'
[2021-05-16 04:44:47] INFO  org.springframework.scheduling.concurrent.ExecutorConfigurationSupport 181 initialize - Initializing ExecutorService 'applicationTaskExecutor'
[2021-05-16 04:44:47] INFO  org.springframework.boot.web.embedded.tomcat.TomcatWebServer 220 start - Tomcat started on port(s): 8080 (http) with context path ''
[2021-05-16 04:44:48] INFO  org.springframework.boot.StartupInfoLogger 61 logStarted - Started DruidMultiJpaApplication in 5.53 seconds (JVM running for 6.729)
[2021-05-16 04:45:22] INFO  org.apache.juli.logging.DirectJDKLog 173 log - Initializing Spring DispatcherServlet 'dispatcherServlet'
[2021-05-16 04:45:22] INFO  org.springframework.web.servlet.FrameworkServlet 525 initServletBean - Initializing Servlet 'dispatcherServlet'
[2021-05-16 04:45:22] INFO  org.springframework.web.servlet.FrameworkServlet 547 initServletBean - Completed initialization in 2 ms
[2021-05-16 04:46:54] INFO  org.springframework.scheduling.concurrent.ExecutorConfigurationSupport 218 shutdown - Shutting down ExecutorService 'applicationTaskExecutor'
[2021-05-16 04:46:54] INFO  org.springframework.orm.jpa.AbstractEntityManagerFactoryBean 651 destroy - Closing JPA EntityManagerFactory for persistence unit 'secondaryPersistenceUnit'
[2021-05-16 04:46:54] INFO  com.alibaba.druid.pool.DruidDataSource 2043 close - {dataSource-2} closing ...
[2021-05-16 04:46:54] INFO  com.alibaba.druid.pool.DruidDataSource 2116 close - {dataSource-2} closed
[2021-05-16 04:46:54] INFO  org.springframework.orm.jpa.AbstractEntityManagerFactoryBean 651 destroy - Closing JPA EntityManagerFactory for persistence unit 'primaryPersistenceUnit'
[2021-05-16 04:46:54] INFO  com.alibaba.druid.pool.DruidDataSource 2043 close - {dataSource-1} closing ...
[2021-05-16 04:46:54] INFO  com.alibaba.druid.pool.DruidDataSource 2116 close - {dataSource-1} closed
